<?xml version="1.0" encoding="UTF-8"?>
<!-- Generated by org.testng.reporters.JUnitReportReporter -->
<testsuite hostname="Trishas-MacBook-Air.local" failures="0" tests="1" name="amazonTest.AmazonSearchTest" time="49.703" errors="0" timestamp="09 Jul 2025 18:35:49 GMT" skipped="0">
  <testcase classname="amazonTest.AmazonSearchTest" name="searchLaptop" time="49.703"/>
</testsuite> <!-- amazonTest.AmazonSearchTest -->
